INFO  01:46:11 Application started. Press Ctrl+C to shut down.
INFO  01:46:11 Application started. Press Ctrl+C to shut down.
INFO  01:46:11 Hosting environment: Development
INFO  01:46:11 Hosting environment: Development
INFO  01:46:12 Content root path: C:\Users\perap\source\repos\TruYum\MenuitemService
INFO  01:46:12 Content root path: C:\Users\perap\source\repos\TruYum\MenuitemService
INFO  01:46:22 Http GET is accessed1
INFO  01:47:45 Application started. Press Ctrl+C to shut down.
INFO  01:47:45 Application started. Press Ctrl+C to shut down.
INFO  01:47:45 Hosting environment: Development
INFO  01:47:45 Hosting environment: Development
INFO  01:47:45 Content root path: C:\Users\perap\source\repos\TruYum\MenuitemService
INFO  01:47:45 Content root path: C:\Users\perap\source\repos\TruYum\MenuitemService
INFO  01:48:29 Http GET is accessed1
INFO  01:49:13 Application started. Press Ctrl+C to shut down.
INFO  01:49:13 Application started. Press Ctrl+C to shut down.
INFO  01:49:13 Hosting environment: Development
INFO  01:49:13 Hosting environment: Development
INFO  01:49:13 Content root path: C:\Users\perap\source\repos\TruYum\MenuitemService
INFO  01:49:13 Content root path: C:\Users\perap\source\repos\TruYum\MenuitemService
INFO  01:51:25 Application started. Press Ctrl+C to shut down.
INFO  01:51:25 Application started. Press Ctrl+C to shut down.
INFO  01:51:25 Hosting environment: Development
INFO  01:51:25 Hosting environment: Development
INFO  01:51:25 Content root path: C:\Users\perap\source\repos\TruYum\MenuitemService
INFO  01:51:25 Content root path: C:\Users\perap\source\repos\TruYum\MenuitemService
INFO  05:03:57 Application started. Press Ctrl+C to shut down.
INFO  05:03:57 Application started. Press Ctrl+C to shut down.
INFO  05:03:57 Hosting environment: Development
INFO  05:03:57 Hosting environment: Development
INFO  05:03:57 Content root path: C:\Users\perap\source\repos\TruYum\MenuitemService
INFO  05:03:57 Content root path: C:\Users\perap\source\repos\TruYum\MenuitemService
INFO  05:16:12 Http GET is accesed
INFO  05:16:12 Http GET is accesed
INFO  05:19:09 Http GET is accesed
INFO  05:26:14 Http GET is accesed
INFO  05:29:52 Http GET is accesed
INFO  05:38:34 Application started. Press Ctrl+C to shut down.
INFO  05:38:34 Application started. Press Ctrl+C to shut down.
INFO  05:38:34 Hosting environment: Development
INFO  05:38:34 Hosting environment: Development
INFO  05:38:34 Content root path: C:\Users\perap\source\repos\TruYum\MenuitemService
INFO  05:38:34 Content root path: C:\Users\perap\source\repos\TruYum\MenuitemService
INFO  05:41:08 Http GET is accesed
INFO  05:42:51 Http GET is accesed
INFO  05:45:22 Http GET is accesed
INFO  05:45:25 Http GET is accessed1
INFO  05:59:35 Http GET is accesed
INFO  06:15:46 Http GET is accesed
INFO  06:15:49 Http GET is accessed1
INFO  06:16:12 Http GET is accesed
INFO  06:29:46 Http GET is accesed
INFO  06:29:50 Http GET is accessed1
INFO  06:30:05 Http GET is accessed1
INFO  06:30:07 Http GET is accessed1
INFO  06:30:07 Http GET is accesed
INFO  06:30:29 Http GET is accesed
INFO  06:30:32 Http GET is accessed2
INFO  06:30:34 Http GET is accessed2
INFO  06:30:34 Http GET is accesed
INFO  06:32:37 Http GET is accesed
INFO  06:32:39 Http GET is accessed2
INFO  06:32:41 Http GET is accessed2
INFO  06:32:41 Http GET is accesed
INFO  06:56:33 Application started. Press Ctrl+C to shut down.
INFO  06:56:33 Application started. Press Ctrl+C to shut down.
INFO  06:56:33 Hosting environment: Development
INFO  06:56:33 Hosting environment: Development
INFO  06:56:33 Content root path: C:\Users\perap\source\repos\TruYum\MenuitemService
INFO  06:56:33 Content root path: C:\Users\perap\source\repos\TruYum\MenuitemService
INFO  07:02:08 Http GET is accesed
INFO  07:02:11 Http GET is accessed1
INFO  07:02:13 Http GET is accessed1
INFO  07:02:16 Http GET is accessed1
INFO  07:02:17 Http GET is accessed1
INFO  07:02:17 Http GET is accessed1
INFO  07:02:19 Http GET is accessed1
INFO  07:02:20 Http GET is accessed1
INFO  07:02:20 Http GET is accessed1
INFO  07:02:20 Http GET is accessed1
INFO  07:02:21 Http GET is accessed1
INFO  07:02:23 Http GET is accessed1
INFO  07:02:23 Http GET is accessed1
INFO  07:03:58 Http GET is accesed
INFO  07:04:00 Http GET is accessed1
INFO  07:04:02 Http GET is accessed1
INFO  07:04:03 Http GET is accesed
INFO  07:07:48 Http GET is accesed
INFO  07:07:57 Http GET is accesed
INFO  07:15:05 Http GET is accesed
INFO  07:15:08 Http GET is accessed1
INFO  07:17:32 Http GET is accesed
INFO  07:17:34 Http GET is accessed1
INFO  07:19:44 Http GET is accesed
INFO  07:19:46 Http GET is accessed1
INFO  07:21:36 Http GET is accesed
INFO  07:21:39 Http GET is accessed1
INFO  07:21:43 Http GET is accessed1
INFO  07:21:43 Http GET is accesed
INFO  07:22:25 Http GET is accesed
INFO  07:26:40 Http GET is accessed1
INFO  07:28:22 Http GET is accessed1
INFO  07:28:22 Http GET is accesed
INFO  07:29:25 Http GET is accesed
INFO  07:29:29 Http GET is accessed1
INFO  07:30:36 Http GET is accesed
INFO  07:30:38 Http GET is accessed1
INFO  07:30:45 Http GET is accessed1
INFO  07:30:45 Http GET is accesed
INFO  07:33:45 Http GET is accesed
INFO  07:37:35 Http GET is accesed
INFO  07:37:47 Http GET is accesed
INFO  07:38:42 Http GET is accesed
INFO  07:40:00 Http GET is accesed
INFO  07:41:03 Http GET is accesed
INFO  07:41:40 Http GET is accesed
INFO  07:41:42 Http GET is accessed1
INFO  07:41:44 Http GET is accessed1
INFO  07:41:45 Http GET is accesed
